<?xml version="1.0" encoding="UTF-8"?>
<testsuite xmlns:xsi="http://www.w3.org/2001/XMLSchema-instance" xsi:noNamespaceSchemaLocation="https://maven.apache.org/surefire/maven-surefire-plugin/xsd/surefire-test-report.xsd" name="project.AppTest" time="0.031" tests="1" errors="0" skipped="0" failures="0">
  <properties>
    <property name="java.specification.version" value="17"/>
    <property name="sun.jnu.encoding" value="UTF-8"/>
    <property name="java.class.path" value="/home/renangas/Documents/Github Projects/Distributed-Systems/TwitterMQ/target/test-classes:/home/renangas/Documents/Github Projects/Distributed-Systems/TwitterMQ/target/classes:/home/renangas/.m2/repository/com/google/code/gson/gson/2.9.0/gson-2.9.0.jar:/home/renangas/.m2/repository/com/twitter/twitter-api-java-sdk/2.0.3/twitter-api-java-sdk-2.0.3.jar:/home/renangas/.m2/repository/io/swagger/swagger-annotations/1.6.5/swagger-annotations-1.6.5.jar:/home/renangas/.m2/repository/com/google/code/findbugs/jsr305/3.0.2/jsr305-3.0.2.jar:/home/renangas/.m2/repository/com/squareup/okhttp3/okhttp/4.9.3/okhttp-4.9.3.jar:/home/renangas/.m2/repository/com/squareup/okio/okio/2.8.0/okio-2.8.0.jar:/home/renangas/.m2/repository/org/jetbrains/kotlin/kotlin-stdlib-common/1.4.0/kotlin-stdlib-common-1.4.0.jar:/home/renangas/.m2/repository/org/jetbrains/kotlin/kotlin-stdlib/1.4.10/kotlin-stdlib-1.4.10.jar:/home/renangas/.m2/repository/org/jetbrains/annotations/13.0/annotations-13.0.jar:/home/renangas/.m2/repository/com/squareup/okhttp3/logging-interceptor/4.9.3/logging-interceptor-4.9.3.jar:/home/renangas/.m2/repository/org/jetbrains/kotlin/kotlin-stdlib-jdk8/1.4.10/kotlin-stdlib-jdk8-1.4.10.jar:/home/renangas/.m2/repository/org/jetbrains/kotlin/kotlin-stdlib-jdk7/1.4.10/kotlin-stdlib-jdk7-1.4.10.jar:/home/renangas/.m2/repository/io/gsonfire/gson-fire/1.8.5/gson-fire-1.8.5.jar:/home/renangas/.m2/repository/org/apache/oltu/oauth2/org.apache.oltu.oauth2.client/1.0.1/org.apache.oltu.oauth2.client-1.0.1.jar:/home/renangas/.m2/repository/org/apache/oltu/oauth2/org.apache.oltu.oauth2.common/1.0.1/org.apache.oltu.oauth2.common-1.0.1.jar:/home/renangas/.m2/repository/org/json/json/20140107/json-20140107.jar:/home/renangas/.m2/repository/commons-codec/commons-codec/1.9/commons-codec-1.9.jar:/home/renangas/.m2/repository/org/apache/commons/commons-lang3/3.12.0/commons-lang3-3.12.0.jar:/home/renangas/.m2/repository/org/openapitools/jackson-databind-nullable/0.2.2/jackson-databind-nullable-0.2.2.jar:/home/renangas/.m2/repository/com/fasterxml/jackson/core/jackson-databind/2.12.2/jackson-databind-2.12.2.jar:/home/renangas/.m2/repository/com/fasterxml/jackson/core/jackson-annotations/2.12.2/jackson-annotations-2.12.2.jar:/home/renangas/.m2/repository/com/fasterxml/jackson/core/jackson-core/2.12.2/jackson-core-2.12.2.jar:/home/renangas/.m2/repository/javax/ws/rs/jsr311-api/1.1.1/jsr311-api-1.1.1.jar:/home/renangas/.m2/repository/javax/ws/rs/javax.ws.rs-api/2.1.1/javax.ws.rs-api-2.1.1.jar:/home/renangas/.m2/repository/com/twitter/joauth/6.0.3/joauth-6.0.3.jar:/home/renangas/.m2/repository/com/google/guava/guava/15.0/guava-15.0.jar:/home/renangas/.m2/repository/com/github/scribejava/scribejava-apis/8.3.1/scribejava-apis-8.3.1.jar:/home/renangas/.m2/repository/com/github/scribejava/scribejava-core/8.3.1/scribejava-core-8.3.1.jar:/home/renangas/.m2/repository/com/github/scribejava/scribejava-java8/8.3.1/scribejava-java8-8.3.1.jar:/home/renangas/.m2/repository/com/rabbitmq/amqp-client/5.20.0/amqp-client-5.20.0.jar:/home/renangas/.m2/repository/org/slf4j/slf4j-api/2.0.9/slf4j-api-2.0.9.jar:/home/renangas/.m2/repository/ch/qos/logback/logback-classic/1.3.6/logback-classic-1.3.6.jar:/home/renangas/.m2/repository/ch/qos/logback/logback-core/1.3.6/logback-core-1.3.6.jar:/home/renangas/.m2/repository/junit/junit/4.11/junit-4.11.jar:/home/renangas/.m2/repository/org/hamcrest/hamcrest-core/1.3/hamcrest-core-1.3.jar:"/>
    <property name="java.vm.vendor" value="Private Build"/>
    <property name="sun.arch.data.model" value="64"/>
    <property name="java.vendor.url" value="Unknown"/>
    <property name="user.country.format" value="BR"/>
    <property name="os.name" value="Linux"/>
    <property name="java.vm.specification.version" value="17"/>
    <property name="sun.java.launcher" value="SUN_STANDARD"/>
    <property name="user.country" value="US"/>
    <property name="sun.boot.library.path" value="/usr/lib/jvm/java-17-openjdk-amd64/lib"/>
    <property name="sun.java.command" value="/home/renangas/Documents/Github Projects/Distributed-Systems/TwitterMQ/target/surefire/surefirebooter9100628523698581402.jar /home/renangas/Documents/Github Projects/Distributed-Systems/TwitterMQ/target/surefire 2023-12-14T19-33-03_879-jvmRun1 surefire6324485739902720410tmp surefire_08283315890651849623tmp"/>
    <property name="jdk.debug" value="release"/>
    <property name="surefire.test.class.path" value="/home/renangas/Documents/Github Projects/Distributed-Systems/TwitterMQ/target/test-classes:/home/renangas/Documents/Github Projects/Distributed-Systems/TwitterMQ/target/classes:/home/renangas/.m2/repository/com/google/code/gson/gson/2.9.0/gson-2.9.0.jar:/home/renangas/.m2/repository/com/twitter/twitter-api-java-sdk/2.0.3/twitter-api-java-sdk-2.0.3.jar:/home/renangas/.m2/repository/io/swagger/swagger-annotations/1.6.5/swagger-annotations-1.6.5.jar:/home/renangas/.m2/repository/com/google/code/findbugs/jsr305/3.0.2/jsr305-3.0.2.jar:/home/renangas/.m2/repository/com/squareup/okhttp3/okhttp/4.9.3/okhttp-4.9.3.jar:/home/renangas/.m2/repository/com/squareup/okio/okio/2.8.0/okio-2.8.0.jar:/home/renangas/.m2/repository/org/jetbrains/kotlin/kotlin-stdlib-common/1.4.0/kotlin-stdlib-common-1.4.0.jar:/home/renangas/.m2/repository/org/jetbrains/kotlin/kotlin-stdlib/1.4.10/kotlin-stdlib-1.4.10.jar:/home/renangas/.m2/repository/org/jetbrains/annotations/13.0/annotations-13.0.jar:/home/renangas/.m2/repository/com/squareup/okhttp3/logging-interceptor/4.9.3/logging-interceptor-4.9.3.jar:/home/renangas/.m2/repository/org/jetbrains/kotlin/kotlin-stdlib-jdk8/1.4.10/kotlin-stdlib-jdk8-1.4.10.jar:/home/renangas/.m2/repository/org/jetbrains/kotlin/kotlin-stdlib-jdk7/1.4.10/kotlin-stdlib-jdk7-1.4.10.jar:/home/renangas/.m2/repository/io/gsonfire/gson-fire/1.8.5/gson-fire-1.8.5.jar:/home/renangas/.m2/repository/org/apache/oltu/oauth2/org.apache.oltu.oauth2.client/1.0.1/org.apache.oltu.oauth2.client-1.0.1.jar:/home/renangas/.m2/repository/org/apache/oltu/oauth2/org.apache.oltu.oauth2.common/1.0.1/org.apache.oltu.oauth2.common-1.0.1.jar:/home/renangas/.m2/repository/org/json/json/20140107/json-20140107.jar:/home/renangas/.m2/repository/commons-codec/commons-codec/1.9/commons-codec-1.9.jar:/home/renangas/.m2/repository/org/apache/commons/commons-lang3/3.12.0/commons-lang3-3.12.0.jar:/home/renangas/.m2/repository/org/openapitools/jackson-databind-nullable/0.2.2/jackson-databind-nullable-0.2.2.jar:/home/renangas/.m2/repository/com/fasterxml/jackson/core/jackson-databind/2.12.2/jackson-databind-2.12.2.jar:/home/renangas/.m2/repository/com/fasterxml/jackson/core/jackson-annotations/2.12.2/jackson-annotations-2.12.2.jar:/home/renangas/.m2/repository/com/fasterxml/jackson/core/jackson-core/2.12.2/jackson-core-2.12.2.jar:/home/renangas/.m2/repository/javax/ws/rs/jsr311-api/1.1.1/jsr311-api-1.1.1.jar:/home/renangas/.m2/repository/javax/ws/rs/javax.ws.rs-api/2.1.1/javax.ws.rs-api-2.1.1.jar:/home/renangas/.m2/repository/com/twitter/joauth/6.0.3/joauth-6.0.3.jar:/home/renangas/.m2/repository/com/google/guava/guava/15.0/guava-15.0.jar:/home/renangas/.m2/repository/com/github/scribejava/scribejava-apis/8.3.1/scribejava-apis-8.3.1.jar:/home/renangas/.m2/repository/com/github/scribejava/scribejava-core/8.3.1/scribejava-core-8.3.1.jar:/home/renangas/.m2/repository/com/github/scribejava/scribejava-java8/8.3.1/scribejava-java8-8.3.1.jar:/home/renangas/.m2/repository/com/rabbitmq/amqp-client/5.20.0/amqp-client-5.20.0.jar:/home/renangas/.m2/repository/org/slf4j/slf4j-api/2.0.9/slf4j-api-2.0.9.jar:/home/renangas/.m2/repository/ch/qos/logback/logback-classic/1.3.6/logback-classic-1.3.6.jar:/home/renangas/.m2/repository/ch/qos/logback/logback-core/1.3.6/logback-core-1.3.6.jar:/home/renangas/.m2/repository/junit/junit/4.11/junit-4.11.jar:/home/renangas/.m2/repository/org/hamcrest/hamcrest-core/1.3/hamcrest-core-1.3.jar:"/>
    <property name="sun.cpu.endian" value="little"/>
    <property name="user.home" value="/home/renangas"/>
    <property name="user.language" value="en"/>
    <property name="java.specification.vendor" value="Oracle Corporation"/>
    <property name="java.version.date" value="2023-10-17"/>
    <property name="java.home" value="/usr/lib/jvm/java-17-openjdk-amd64"/>
    <property name="file.separator" value="/"/>
    <property name="basedir" value="/home/renangas/Documents/Github Projects/Distributed-Systems/TwitterMQ"/>
    <property name="java.vm.compressedOopsMode" value="32-bit"/>
    <property name="line.separator" value="&#10;"/>
    <property name="java.specification.name" value="Java Platform API Specification"/>
    <property name="java.vm.specification.vendor" value="Oracle Corporation"/>
    <property name="surefire.real.class.path" value="/home/renangas/Documents/Github Projects/Distributed-Systems/TwitterMQ/target/surefire/surefirebooter9100628523698581402.jar"/>
    <property name="sun.management.compiler" value="HotSpot 64-Bit Tiered Compilers"/>
    <property name="java.runtime.version" value="17.0.9+9-Ubuntu-120.04"/>
    <property name="user.name" value="renangas"/>
    <property name="path.separator" value=":"/>
    <property name="os.version" value="5.15.0-89-generic"/>
    <property name="java.runtime.name" value="OpenJDK Runtime Environment"/>
    <property name="file.encoding" value="UTF-8"/>
    <property name="java.vm.name" value="OpenJDK 64-Bit Server VM"/>
    <property name="localRepository" value="/home/renangas/.m2/repository"/>
    <property name="java.vendor.url.bug" value="Unknown"/>
    <property name="java.io.tmpdir" value="/tmp"/>
    <property name="java.version" value="17.0.9"/>
    <property name="user.dir" value="/home/renangas/Documents/Github Projects/Distributed-Systems/TwitterMQ"/>
    <property name="os.arch" value="amd64"/>
    <property name="java.vm.specification.name" value="Java Virtual Machine Specification"/>
    <property name="user.language.format" value="pt"/>
    <property name="native.encoding" value="UTF-8"/>
    <property name="java.library.path" value="/usr/java/packages/lib:/usr/lib/x86_64-linux-gnu/jni:/lib/x86_64-linux-gnu:/usr/lib/x86_64-linux-gnu:/usr/lib/jni:/lib:/usr/lib"/>
    <property name="java.vm.info" value="mixed mode, sharing"/>
    <property name="java.vendor" value="Private Build"/>
    <property name="java.vm.version" value="17.0.9+9-Ubuntu-120.04"/>
    <property name="sun.io.unicode.encoding" value="UnicodeLittle"/>
    <property name="java.class.version" value="61.0"/>
  </properties>
  <testcase name="shouldAnswerWithTrue" classname="project.AppTest" time="0.001"/>
</testsuite>